2025-02-27 15:40:48.389  INFO 21016 --- [main] c.S.SmsCallbackRecordApplication         : Starting SmsCallbackRecordApplication using Java 1.8.0_202 on SVT-LAP-23-085 with PID 21016 (C:\Users\Naman\Desktop\SpringProjectWorkSpace\SMSCallbackRecordSpocto\target\classes started by naman in C:\Users\Naman\Desktop\SpringProjectWorkSpace\SMSCallbackRecordSpocto)
2025-02-27 15:40:48.408  INFO 21016 --- [main] c.S.SmsCallbackRecordApplication         : No active profile set, falling back to 1 default profile: "default"
2025-02-27 15:40:50.874  INFO 21016 --- [main] .s.d.r.c.RepositoryConfigurationDelegate : Multiple Spring Data modules found, entering strict repository configuration mode
2025-02-27 15:40:50.883  INFO 21016 --- [main] .s.d.r.c.RepositoryConfigurationDelegate : Bootstrapping Spring Data JPA repositories in DEFAULT mode.
2025-02-27 15:40:51.410  INFO 21016 --- [main] .s.d.r.c.RepositoryConfigurationDelegate : Finished Spring Data repository scanning in 500 ms. Found 3 JPA repository interfaces.
2025-02-27 15:40:51.462  INFO 21016 --- [main] .s.d.r.c.RepositoryConfigurationDelegate : Multiple Spring Data modules found, entering strict repository configuration mode
2025-02-27 15:40:51.465  INFO 21016 --- [main] .s.d.r.c.RepositoryConfigurationDelegate : Bootstrapping Spring Data Redis repositories in DEFAULT mode.
2025-02-27 15:40:51.521  INFO 21016 --- [main] .RepositoryConfigurationExtensionSupport : Spring Data Redis - Could not safely identify store assignment for repository candidate interface com.SmsCallback.Repository.CallBackRepositoryUniq; If you want this repository to be a Redis repository, consider annotating your entities with one of these annotations: org.springframework.data.redis.core.RedisHash (preferred), or consider extending one of the following types with your repository: org.springframework.data.keyvalue.repository.KeyValueRepository
2025-02-27 15:40:51.523  INFO 21016 --- [main] .RepositoryConfigurationExtensionSupport : Spring Data Redis - Could not safely identify store assignment for repository candidate interface com.SmsCallback.Repository.ErrorCodeDetailsRepository; If you want this repository to be a Redis repository, consider annotating your entities with one of these annotations: org.springframework.data.redis.core.RedisHash (preferred), or consider extending one of the following types with your repository: org.springframework.data.keyvalue.repository.KeyValueRepository
2025-02-27 15:40:51.525  INFO 21016 --- [main] .RepositoryConfigurationExtensionSupport : Spring Data Redis - Could not safely identify store assignment for repository candidate interface com.SmsCallback.Repository.callbackRepository; If you want this repository to be a Redis repository, consider annotating your entities with one of these annotations: org.springframework.data.redis.core.RedisHash (preferred), or consider extending one of the following types with your repository: org.springframework.data.keyvalue.repository.KeyValueRepository
2025-02-27 15:40:51.525  INFO 21016 --- [main] .s.d.r.c.RepositoryConfigurationDelegate : Finished Spring Data repository scanning in 25 ms. Found 0 Redis repository interfaces.
2025-02-27 15:40:53.019  INFO 21016 --- [main] o.s.b.w.embedded.tomcat.TomcatWebServer  : Tomcat initialized with port(s): 8095 (http)
2025-02-27 15:40:53.050  INFO 21016 --- [main] o.apache.catalina.core.StandardService   : Starting service [Tomcat]
2025-02-27 15:40:53.051  INFO 21016 --- [main] org.apache.catalina.core.StandardEngine  : Starting Servlet engine: [Apache Tomcat/9.0.73]
2025-02-27 15:40:53.776  INFO 21016 --- [main] o.a.c.c.C.[Tomcat].[localhost].[/]       : Initializing Spring embedded WebApplicationContext
2025-02-27 15:40:53.777  INFO 21016 --- [main] w.s.c.ServletWebServerApplicationContext : Root WebApplicationContext: initialization completed in 5127 ms
2025-02-27 15:40:55.740  INFO 21016 --- [main] o.hibernate.jpa.internal.util.LogHelper  : HHH000204: Processing PersistenceUnitInfo [name: default]
2025-02-27 15:40:56.020  INFO 21016 --- [main] org.hibernate.Version                    : HHH000412: Hibernate ORM core version 5.6.15.Final
2025-02-27 15:40:56.782  INFO 21016 --- [main] o.hibernate.annotations.common.Version   : HCANN000001: Hibernate Commons Annotations {5.1.2.Final}
2025-02-27 15:40:57.207  INFO 21016 --- [main] com.zaxxer.hikari.HikariDataSource       : HikariPool-1 - Starting...
2025-02-27 15:41:03.087  INFO 21016 --- [main] com.zaxxer.hikari.HikariDataSource       : HikariPool-1 - Start completed.
2025-02-27 15:41:03.162  INFO 21016 --- [main] org.hibernate.dialect.Dialect            : HHH000400: Using dialect: org.hibernate.dialect.MySQL5InnoDBDialect
2025-02-27 15:41:07.024  INFO 21016 --- [main] o.h.e.t.j.p.i.JtaPlatformInitiator       : HHH000490: Using JtaPlatform implementation: [org.hibernate.engine.transaction.jta.platform.internal.NoJtaPlatform]
2025-02-27 15:41:07.094  INFO 21016 --- [main] j.LocalContainerEntityManagerFactoryBean : Initialized JPA EntityManagerFactory for persistence unit 'default'
2025-02-27 15:41:09.798  WARN 21016 --- [main] JpaBaseConfiguration$JpaWebConfiguration : spring.jpa.open-in-view is enabled by default. Therefore, database queries may be performed during view rendering. Explicitly configure spring.jpa.open-in-view to disable this warning
2025-02-27 15:41:11.636  INFO 21016 --- [main] o.s.b.w.embedded.tomcat.TomcatWebServer  : Tomcat started on port(s): 8095 (http) with context path ''
2025-02-27 15:41:11.643  INFO 21016 --- [main] o.s.a.r.c.CachingConnectionFactory       : Attempting to connect to: [127.0.0.1:5672]
2025-02-27 15:41:11.892  INFO 21016 --- [main] o.s.a.r.c.CachingConnectionFactory       : Created new connection: rabbitConnectionFactory#6a552721:0/SimpleConnection@6bf28f61 [delegate=amqp://guest@127.0.0.1:5672/, localPort= 62121]
2025-02-27 15:41:12.100  INFO 21016 --- [main] c.S.SmsCallbackRecordApplication         : Started SmsCallbackRecordApplication in 24.647 seconds (JVM running for 26.747)
2025-02-27 15:42:08.424  INFO 20708 --- [main] c.S.SmsCallbackRecordApplication         : Starting SmsCallbackRecordApplication using Java 1.8.0_202 on SVT-LAP-23-085 with PID 20708 (C:\Users\Naman\Desktop\SpringProjectWorkSpace\SMSCallbackRecordSpocto\target\classes started by naman in C:\Users\Naman\Desktop\SpringProjectWorkSpace\SMSCallbackRecordSpocto)
2025-02-27 15:42:08.441  INFO 20708 --- [main] c.S.SmsCallbackRecordApplication         : No active profile set, falling back to 1 default profile: "default"
2025-02-27 15:42:09.921  INFO 20708 --- [main] .s.d.r.c.RepositoryConfigurationDelegate : Multiple Spring Data modules found, entering strict repository configuration mode
2025-02-27 15:42:09.930  INFO 20708 --- [main] .s.d.r.c.RepositoryConfigurationDelegate : Bootstrapping Spring Data JPA repositories in DEFAULT mode.
2025-02-27 15:42:10.335  INFO 20708 --- [main] .s.d.r.c.RepositoryConfigurationDelegate : Finished Spring Data repository scanning in 380 ms. Found 3 JPA repository interfaces.
2025-02-27 15:42:10.379  INFO 20708 --- [main] .s.d.r.c.RepositoryConfigurationDelegate : Multiple Spring Data modules found, entering strict repository configuration mode
2025-02-27 15:42:10.386  INFO 20708 --- [main] .s.d.r.c.RepositoryConfigurationDelegate : Bootstrapping Spring Data Redis repositories in DEFAULT mode.
2025-02-27 15:42:10.460  INFO 20708 --- [main] .RepositoryConfigurationExtensionSupport : Spring Data Redis - Could not safely identify store assignment for repository candidate interface com.SmsCallback.Repository.CallBackRepositoryUniq; If you want this repository to be a Redis repository, consider annotating your entities with one of these annotations: org.springframework.data.redis.core.RedisHash (preferred), or consider extending one of the following types with your repository: org.springframework.data.keyvalue.repository.KeyValueRepository
2025-02-27 15:42:10.462  INFO 20708 --- [main] .RepositoryConfigurationExtensionSupport : Spring Data Redis - Could not safely identify store assignment for repository candidate interface com.SmsCallback.Repository.ErrorCodeDetailsRepository; If you want this repository to be a Redis repository, consider annotating your entities with one of these annotations: org.springframework.data.redis.core.RedisHash (preferred), or consider extending one of the following types with your repository: org.springframework.data.keyvalue.repository.KeyValueRepository
2025-02-27 15:42:10.465  INFO 20708 --- [main] .RepositoryConfigurationExtensionSupport : Spring Data Redis - Could not safely identify store assignment for repository candidate interface com.SmsCallback.Repository.callbackRepository; If you want this repository to be a Redis repository, consider annotating your entities with one of these annotations: org.springframework.data.redis.core.RedisHash (preferred), or consider extending one of the following types with your repository: org.springframework.data.keyvalue.repository.KeyValueRepository
2025-02-27 15:42:10.465  INFO 20708 --- [main] .s.d.r.c.RepositoryConfigurationDelegate : Finished Spring Data repository scanning in 37 ms. Found 0 Redis repository interfaces.
2025-02-27 15:42:11.670  INFO 20708 --- [main] o.s.b.w.embedded.tomcat.TomcatWebServer  : Tomcat initialized with port(s): 8095 (http)
2025-02-27 15:42:11.692  INFO 20708 --- [main] o.apache.catalina.core.StandardService   : Starting service [Tomcat]
2025-02-27 15:42:11.692  INFO 20708 --- [main] org.apache.catalina.core.StandardEngine  : Starting Servlet engine: [Apache Tomcat/9.0.73]
2025-02-27 15:42:12.309  INFO 20708 --- [main] o.a.c.c.C.[Tomcat].[localhost].[/]       : Initializing Spring embedded WebApplicationContext
2025-02-27 15:42:12.310  INFO 20708 --- [main] w.s.c.ServletWebServerApplicationContext : Root WebApplicationContext: initialization completed in 3660 ms
2025-02-27 15:42:13.567  INFO 20708 --- [main] o.hibernate.jpa.internal.util.LogHelper  : HHH000204: Processing PersistenceUnitInfo [name: default]
2025-02-27 15:42:13.738  INFO 20708 --- [main] org.hibernate.Version                    : HHH000412: Hibernate ORM core version 5.6.15.Final
2025-02-27 15:42:14.121  INFO 20708 --- [main] o.hibernate.annotations.common.Version   : HCANN000001: Hibernate Commons Annotations {5.1.2.Final}
2025-02-27 15:42:14.385  INFO 20708 --- [main] com.zaxxer.hikari.HikariDataSource       : HikariPool-1 - Starting...
2025-02-27 15:42:15.625  INFO 20708 --- [main] com.zaxxer.hikari.HikariDataSource       : HikariPool-1 - Start completed.
2025-02-27 15:42:15.673  INFO 20708 --- [main] org.hibernate.dialect.Dialect            : HHH000400: Using dialect: org.hibernate.dialect.MySQL5InnoDBDialect
2025-02-27 15:42:17.050  INFO 20708 --- [main] o.h.e.t.j.p.i.JtaPlatformInitiator       : HHH000490: Using JtaPlatform implementation: [org.hibernate.engine.transaction.jta.platform.internal.NoJtaPlatform]
2025-02-27 15:42:17.073  INFO 20708 --- [main] j.LocalContainerEntityManagerFactoryBean : Initialized JPA EntityManagerFactory for persistence unit 'default'
2025-02-27 15:42:18.339  WARN 20708 --- [main] JpaBaseConfiguration$JpaWebConfiguration : spring.jpa.open-in-view is enabled by default. Therefore, database queries may be performed during view rendering. Explicitly configure spring.jpa.open-in-view to disable this warning
2025-02-27 15:42:19.290  WARN 20708 --- [main] ConfigServletWebServerApplicationContext : Exception encountered during context initialization - cancelling refresh attempt: org.springframework.context.ApplicationContextException: Failed to start bean 'webServerStartStop'; nested exception is org.springframework.boot.web.server.PortInUseException: Port 8095 is already in use
2025-02-27 15:42:19.297  INFO 20708 --- [main] j.LocalContainerEntityManagerFactoryBean : Closing JPA EntityManagerFactory for persistence unit 'default'
2025-02-27 15:42:19.301  INFO 20708 --- [main] com.zaxxer.hikari.HikariDataSource       : HikariPool-1 - Shutdown initiated...
2025-02-27 15:42:19.320  INFO 20708 --- [main] com.zaxxer.hikari.HikariDataSource       : HikariPool-1 - Shutdown completed.
2025-02-27 15:42:19.354  INFO 20708 --- [main] o.apache.catalina.core.StandardService   : Stopping service [Tomcat]
2025-02-27 15:42:19.380  INFO 20708 --- [main] ConditionEvaluationReportLoggingListener : 

Error starting ApplicationContext. To display the conditions report re-run your application with 'debug' enabled.
2025-02-27 15:42:19.435 ERROR 20708 --- [main] o.s.b.d.LoggingFailureAnalysisReporter   : 

***************************
APPLICATION FAILED TO START
***************************

Description:

Web server failed to start. Port 8095 was already in use.

Action:

Identify and stop the process that's listening on port 8095 or configure this application to listen on another port.

2025-02-27 15:42:26.341  INFO 21016 --- [RMI TCP Connection(6)-127.0.0.1] inMXBeanRegistrar$SpringApplicationAdmin : Application shutdown requested.
2025-02-27 15:42:26.357  INFO 21016 --- [Spocto-2] o.s.a.r.l.SimpleMessageListenerContainer : Waiting for workers to finish.
2025-02-27 15:42:26.897  INFO 21016 --- [Spocto-2] o.s.a.r.l.SimpleMessageListenerContainer : Successfully waited for workers to finish.
2025-02-27 15:42:27.232  INFO 21016 --- [RMI TCP Connection(6)-127.0.0.1] o.apache.catalina.core.StandardService   : Stopping service [Tomcat]
2025-02-27 15:42:27.258  INFO 21016 --- [RMI TCP Connection(6)-127.0.0.1] o.s.a.r.l.SimpleMessageListenerContainer : Shutdown ignored - container is already stopped
2025-02-27 15:42:27.272  INFO 21016 --- [RMI TCP Connection(6)-127.0.0.1] j.LocalContainerEntityManagerFactoryBean : Closing JPA EntityManagerFactory for persistence unit 'default'
2025-02-27 15:42:27.276  INFO 21016 --- [RMI TCP Connection(6)-127.0.0.1] com.zaxxer.hikari.HikariDataSource       : HikariPool-1 - Shutdown initiated...
2025-02-27 15:42:27.297  INFO 21016 --- [RMI TCP Connection(6)-127.0.0.1] com.zaxxer.hikari.HikariDataSource       : HikariPool-1 - Shutdown completed.
2025-02-27 15:42:43.932  INFO 22716 --- [main] c.S.SmsCallbackRecordApplication         : Starting SmsCallbackRecordApplication using Java 1.8.0_202 on SVT-LAP-23-085 with PID 22716 (C:\Users\Naman\Desktop\SpringProjectWorkSpace\SMSCallbackRecordSpocto\target\classes started by naman in C:\Users\Naman\Desktop\SpringProjectWorkSpace\SMSCallbackRecordSpocto)
2025-02-27 15:42:43.938  INFO 22716 --- [main] c.S.SmsCallbackRecordApplication         : No active profile set, falling back to 1 default profile: "default"
2025-02-27 15:42:45.985  INFO 22716 --- [main] .s.d.r.c.RepositoryConfigurationDelegate : Multiple Spring Data modules found, entering strict repository configuration mode
2025-02-27 15:42:45.991  INFO 22716 --- [main] .s.d.r.c.RepositoryConfigurationDelegate : Bootstrapping Spring Data JPA repositories in DEFAULT mode.
2025-02-27 15:42:46.432  INFO 22716 --- [main] .s.d.r.c.RepositoryConfigurationDelegate : Finished Spring Data repository scanning in 417 ms. Found 3 JPA repository interfaces.
2025-02-27 15:42:46.485  INFO 22716 --- [main] .s.d.r.c.RepositoryConfigurationDelegate : Multiple Spring Data modules found, entering strict repository configuration mode
2025-02-27 15:42:46.489  INFO 22716 --- [main] .s.d.r.c.RepositoryConfigurationDelegate : Bootstrapping Spring Data Redis repositories in DEFAULT mode.
2025-02-27 15:42:46.531  INFO 22716 --- [main] .RepositoryConfigurationExtensionSupport : Spring Data Redis - Could not safely identify store assignment for repository candidate interface com.SmsCallback.Repository.CallBackRepositoryUniq; If you want this repository to be a Redis repository, consider annotating your entities with one of these annotations: org.springframework.data.redis.core.RedisHash (preferred), or consider extending one of the following types with your repository: org.springframework.data.keyvalue.repository.KeyValueRepository
2025-02-27 15:42:46.534  INFO 22716 --- [main] .RepositoryConfigurationExtensionSupport : Spring Data Redis - Could not safely identify store assignment for repository candidate interface com.SmsCallback.Repository.ErrorCodeDetailsRepository; If you want this repository to be a Redis repository, consider annotating your entities with one of these annotations: org.springframework.data.redis.core.RedisHash (preferred), or consider extending one of the following types with your repository: org.springframework.data.keyvalue.repository.KeyValueRepository
2025-02-27 15:42:46.536  INFO 22716 --- [main] .RepositoryConfigurationExtensionSupport : Spring Data Redis - Could not safely identify store assignment for repository candidate interface com.SmsCallback.Repository.callbackRepository; If you want this repository to be a Redis repository, consider annotating your entities with one of these annotations: org.springframework.data.redis.core.RedisHash (preferred), or consider extending one of the following types with your repository: org.springframework.data.keyvalue.repository.KeyValueRepository
2025-02-27 15:42:46.537  INFO 22716 --- [main] .s.d.r.c.RepositoryConfigurationDelegate : Finished Spring Data repository scanning in 30 ms. Found 0 Redis repository interfaces.
2025-02-27 15:42:47.908  INFO 22716 --- [main] o.s.b.w.embedded.tomcat.TomcatWebServer  : Tomcat initialized with port(s): 8095 (http)
2025-02-27 15:42:47.965  INFO 22716 --- [main] o.apache.catalina.core.StandardService   : Starting service [Tomcat]
2025-02-27 15:42:47.968  INFO 22716 --- [main] org.apache.catalina.core.StandardEngine  : Starting Servlet engine: [Apache Tomcat/9.0.73]
2025-02-27 15:42:48.646  INFO 22716 --- [main] o.a.c.c.C.[Tomcat].[localhost].[/]       : Initializing Spring embedded WebApplicationContext
2025-02-27 15:42:48.647  INFO 22716 --- [main] w.s.c.ServletWebServerApplicationContext : Root WebApplicationContext: initialization completed in 4576 ms
2025-02-27 15:42:49.544  INFO 22716 --- [main] o.hibernate.jpa.internal.util.LogHelper  : HHH000204: Processing PersistenceUnitInfo [name: default]
2025-02-27 15:42:49.687  INFO 22716 --- [main] org.hibernate.Version                    : HHH000412: Hibernate ORM core version 5.6.15.Final
2025-02-27 15:42:50.034  INFO 22716 --- [main] o.hibernate.annotations.common.Version   : HCANN000001: Hibernate Commons Annotations {5.1.2.Final}
2025-02-27 15:42:50.285  INFO 22716 --- [main] com.zaxxer.hikari.HikariDataSource       : HikariPool-1 - Starting...
2025-02-27 15:42:51.406  INFO 22716 --- [main] com.zaxxer.hikari.HikariDataSource       : HikariPool-1 - Start completed.
2025-02-27 15:42:51.465  INFO 22716 --- [main] org.hibernate.dialect.Dialect            : HHH000400: Using dialect: org.hibernate.dialect.MySQL5InnoDBDialect
2025-02-27 15:42:53.061  INFO 22716 --- [main] o.h.e.t.j.p.i.JtaPlatformInitiator       : HHH000490: Using JtaPlatform implementation: [org.hibernate.engine.transaction.jta.platform.internal.NoJtaPlatform]
2025-02-27 15:42:53.088  INFO 22716 --- [main] j.LocalContainerEntityManagerFactoryBean : Initialized JPA EntityManagerFactory for persistence unit 'default'
2025-02-27 15:42:54.888  WARN 22716 --- [main] JpaBaseConfiguration$JpaWebConfiguration : spring.jpa.open-in-view is enabled by default. Therefore, database queries may be performed during view rendering. Explicitly configure spring.jpa.open-in-view to disable this warning
2025-02-27 15:42:57.162  INFO 22716 --- [main] o.s.b.w.embedded.tomcat.TomcatWebServer  : Tomcat started on port(s): 8095 (http) with context path ''
2025-02-27 15:42:57.168  INFO 22716 --- [main] o.s.a.r.c.CachingConnectionFactory       : Attempting to connect to: [127.0.0.1:5672]
2025-02-27 15:42:57.298  INFO 22716 --- [main] o.s.a.r.c.CachingConnectionFactory       : Created new connection: rabbitConnectionFactory#62b42406:0/SimpleConnection@61246109 [delegate=amqp://guest@127.0.0.1:5672/, localPort= 62254]
2025-02-27 15:42:57.406  INFO 22716 --- [main] c.S.SmsCallbackRecordApplication         : Started SmsCallbackRecordApplication in 14.611 seconds (JVM running for 17.05)
2025-02-27 15:43:59.755  INFO 22716 --- [http-nio-8095-exec-1] o.a.c.c.C.[Tomcat].[localhost].[/]       : Initializing Spring DispatcherServlet 'dispatcherServlet'
2025-02-27 15:43:59.755  INFO 22716 --- [http-nio-8095-exec-1] o.s.web.servlet.DispatcherServlet        : Initializing Servlet 'dispatcherServlet'
2025-02-27 15:43:59.758  INFO 22716 --- [http-nio-8095-exec-1] o.s.web.servlet.DispatcherServlet        : Completed initialization in 2 ms
2025-02-27 15:43:59.847  INFO 22716 --- [http-nio-8095-exec-1] c.S.controller.SmsCallbackController     : Data from Operator : {corelationid=otp:49677354, txid=12345109109985, to=919a448291223, from=IPRCTO, pdu=1, deliverystatus=DELIVERY_SUCCESS, deliverydt=11-02-2025 06:41:51, text=jdiejdiewjdiewjdiewncioewjsdwdq dwqd efdeded, description=Error Code false, Error Text 642}
2025-02-27 15:44:00.096  INFO 22716 --- [http-nio-8095-exec-1] c.S.Service.SmsCallbackProdService       : Unique transaction id : 12345109109985 , Hence Save to database 
2025-02-27 15:44:00.097  INFO 22716 --- [http-nio-8095-exec-1] c.S.Service.SmsCallbackProdService       : Preparing callback for Callback Queue
2025-02-27 15:44:00.231  INFO 22716 --- [http-nio-8095-exec-1] com.SmsCallback.Config.QueueProducer     : Key :: 2025-02-27 Value :: {"corelationid":"otp:49677354","txid":"12345109109985","tok":"919a448291223","fromk":"IPRCTO","description":"Error Code false, Error Text 642","pdu":"1","text":"jdiejdiewjdiewjdiewncioewjsdwdq dwqd efdeded","deliverystatus":"DELIVERY_SUCCESS","deliverydt":"11-02-2025 06:41:51","errCode":null,"errorDescription":null,"accountName":null}
2025-02-27 15:44:00.233  INFO 22716 --- [http-nio-8095-exec-1] com.SmsCallback.Config.QueueProducer     : Sending to RabbitMq : exchangeName Spocto.callback.exchange rountingKey : Spocto.callback.routing
2025-02-27 15:44:00.425  INFO 22716 --- [Spocto-1] com.SmsCallback.Config.QueueConsumer     : Consuming callback data from  Spocto.callback.queue Queue : CallbackPojo(corelationid=otp:49677354, txid=12345109109985, tok=919a448291223, fromk=IPRCTO, description=Error Code false, Error Text 642, pdu=1, text=jdiejdiewjdiewjdiewncioewjsdwdq dwqd efdeded, deliverystatus=DELIVERY_SUCCESS, deliverydt=11-02-2025 06:41:51, errCode=null, errorDescription=null, accountName=null)
2025-02-27 15:44:00.448  INFO 22716 --- [apiCall- 1] com.SmsCallback.Service.ConsumerService  : ***** Container Inside callToClientAndSaveToDatabase *****
2025-02-27 15:44:00.458  INFO 22716 --- [apiCall- 1] c.S.I.RestRequestClass                   : Api call Start Time : 1740651240458 of txid : 12345109109985
2025-02-27 15:44:00.460  INFO 22716 --- [apiCall- 1] c.S.I.RestRequestClass                   : url: http://localhost:8080/Whatsapp/testpracto?corelationid={corelationId}&transactionId={txid}&recipient={to}&sender={from}&description={description}&totalPdus={pdu}&message={text}&status={deliverystatus}&doneDate={deliverydt} cb : callback_arch(id=0, corelationid=otp:49677354, txid=12345109109985, tok=919a448291223, fromk=IPRCTO, description=Error Code false, Error Text 642, pdu=1, text=jdiejdiewjdiewjdiewncioewjsdwdq dwqd efdeded, deliverystatus=DELIVERY_SUCCESS, deliverydt=11-02-2025 06:41:51, response=null, created_date=null) 
2025-02-27 15:44:00.461  INFO 22716 --- [apiCall- 1] c.S.I.RestRequestClass                   : Get call  To : http://localhost:8080/Whatsapp/testpracto?corelationid=otp%3A49677354&transactionId=12345109109985&recipient=919a448291223&sender=IPRCTO&description=Error+Code+false%2C+Error+Text+642&totalPdus=1&message=jdiejdiewjdiewjdiewncioewjsdwdq+dwqd+efdeded&status=DELIVERY_SUCCESS&doneDate=11-02-2025+06%3A41%3A51  
2025-02-27 15:44:00.469  INFO 22716 --- [apiCall- 1] c.S.I.RestRequestClass                   : Headers: {Content-Type=application/json, User-Agent=PostmanRuntime/7.43.0} of txid :  12345109109985 
2025-02-27 15:44:02.524  INFO 22716 --- [apiCall- 1] c.S.I.RestRequestClass                   : Getting Exception During Api Call Connection refused: connect
2025-02-27 15:44:02.573  INFO 22716 --- [apiCall- 1] c.S.I.RestRequestClass                   : Insert to arch txid : 12345109109985, Response:Connection refused: connect, System.currentTimeMillisEnd : 1740651242573 
2025-02-27 15:44:02.573  INFO 22716 --- [apiCall- 1] com.SmsCallback.Service.ConsumerService  : Final Return Response From API :: Connection refused: connect
2025-02-27 15:44:08.945  INFO 22716 --- [http-nio-8095-exec-3] c.S.controller.SmsCallbackController     : Data from Operator : {corelationid=otp:49677354, txid=12345109109985, to=919a448291223, from=IPRCTO, pdu=1, deliverystatus=DELIVERY_SUCCESS, deliverydt=11-02-2025 06:41:51, text=jdiejdiewjdiewjdiewncioewjsdwdq dwqd efdeded, description=Error Code false, Error Text 642}
2025-02-27 15:44:09.000  WARN 22716 --- [http-nio-8095-exec-3] o.h.engine.jdbc.spi.SqlExceptionHelper   : SQL Error: 1062, SQLState: 23000
2025-02-27 15:44:09.002 ERROR 22716 --- [http-nio-8095-exec-3] o.h.engine.jdbc.spi.SqlExceptionHelper   : Duplicate entry '12345109109985' for key 'callback_spocto.UK17y5awdmsauatbgrwm8vdob09'
2025-02-27 15:44:09.049 ERROR 22716 --- [http-nio-8095-exec-3] o.a.c.c.C.[.[.[/].[dispatcherServlet]    : Servlet.service() for servlet [dispatcherServlet] in context with path [] threw exception [Request processing failed; nested exception is org.springframework.dao.DataIntegrityViolationException: could not execute statement; SQL [n/a]; constraint [callback_spocto.UK17y5awdmsauatbgrwm8vdob09]; nested exception is org.hibernate.exception.ConstraintViolationException: could not execute statement] with root cause

java.sql.SQLIntegrityConstraintViolationException: Duplicate entry '12345109109985' for key 'callback_spocto.UK17y5awdmsauatbgrwm8vdob09'
	at com.mysql.cj.jdbc.exceptions.SQLError.createSQLException(SQLError.java:117) ~[mysql-connector-j-8.0.32.jar:8.0.32]
	at com.mysql.cj.jdbc.exceptions.SQLExceptionsMapping.translateException(SQLExceptionsMapping.java:122) ~[mysql-connector-j-8.0.32.jar:8.0.32]
	at com.mysql.cj.jdbc.ClientPreparedStatement.executeInternal(ClientPreparedStatement.java:916) ~[mysql-connector-j-8.0.32.jar:8.0.32]
	at com.mysql.cj.jdbc.ClientPreparedStatement.executeUpdateInternal(ClientPreparedStatement.java:1061) ~[mysql-connector-j-8.0.32.jar:8.0.32]
	at com.mysql.cj.jdbc.ClientPreparedStatement.executeUpdateInternal(ClientPreparedStatement.java:1009) ~[mysql-connector-j-8.0.32.jar:8.0.32]
	at com.mysql.cj.jdbc.ClientPreparedStatement.executeLargeUpdate(ClientPreparedStatement.java:1320) ~[mysql-connector-j-8.0.32.jar:8.0.32]
	at com.mysql.cj.jdbc.ClientPreparedStatement.executeUpdate(ClientPreparedStatement.java:994) ~[mysql-connector-j-8.0.32.jar:8.0.32]
	at com.zaxxer.hikari.pool.ProxyPreparedStatement.executeUpdate(ProxyPreparedStatement.java:61) ~[HikariCP-4.0.3.jar:na]
	at com.zaxxer.hikari.pool.HikariProxyPreparedStatement.executeUpdate(HikariProxyPreparedStatement.java) ~[HikariCP-4.0.3.jar:na]
	at org.hibernate.engine.jdbc.internal.ResultSetReturnImpl.executeUpdate(ResultSetReturnImpl.java:197) ~[hibernate-core-5.6.15.Final.jar:5.6.15.Final]
	at org.hibernate.dialect.identity.GetGeneratedKeysDelegate.executeAndExtract(GetGeneratedKeysDelegate.java:58) ~[hibernate-core-5.6.15.Final.jar:5.6.15.Final]
	at org.hibernate.id.insert.AbstractReturningDelegate.performInsert(AbstractReturningDelegate.java:43) ~[hibernate-core-5.6.15.Final.jar:5.6.15.Final]
	at org.hibernate.persister.entity.AbstractEntityPersister.insert(AbstractEntityPersister.java:3279) ~[hibernate-core-5.6.15.Final.jar:5.6.15.Final]
	at org.hibernate.persister.entity.AbstractEntityPersister.insert(AbstractEntityPersister.java:3914) ~[hibernate-core-5.6.15.Final.jar:5.6.15.Final]
	at org.hibernate.action.internal.EntityIdentityInsertAction.execute(EntityIdentityInsertAction.java:84) ~[hibernate-core-5.6.15.Final.jar:5.6.15.Final]
	at org.hibernate.engine.spi.ActionQueue.execute(ActionQueue.java:645) ~[hibernate-core-5.6.15.Final.jar:5.6.15.Final]
	at org.hibernate.engine.spi.ActionQueue.addResolvedEntityInsertAction(ActionQueue.java:282) ~[hibernate-core-5.6.15.Final.jar:5.6.15.Final]
	at org.hibernate.engine.spi.ActionQueue.addInsertAction(ActionQueue.java:263) ~[hibernate-core-5.6.15.Final.jar:5.6.15.Final]
	at org.hibernate.engine.spi.ActionQueue.addAction(ActionQueue.java:317) ~[hibernate-core-5.6.15.Final.jar:5.6.15.Final]
	at org.hibernate.event.internal.AbstractSaveEventListener.addInsertAction(AbstractSaveEventListener.java:329) ~[hibernate-core-5.6.15.Final.jar:5.6.15.Final]
	at org.hibernate.event.internal.AbstractSaveEventListener.performSaveOrReplicate(AbstractSaveEventListener.java:286) ~[hibernate-core-5.6.15.Final.jar:5.6.15.Final]
	at org.hibernate.event.internal.AbstractSaveEventListener.performSave(AbstractSaveEventListener.java:192) ~[hibernate-core-5.6.15.Final.jar:5.6.15.Final]
	at org.hibernate.event.internal.AbstractSaveEventListener.saveWithGeneratedId(AbstractSaveEventListener.java:122) ~[hibernate-core-5.6.15.Final.jar:5.6.15.Final]
	at org.hibernate.event.internal.DefaultPersistEventListener.entityIsTransient(DefaultPersistEventListener.java:185) ~[hibernate-core-5.6.15.Final.jar:5.6.15.Final]
	at org.hibernate.event.internal.DefaultPersistEventListener.onPersist(DefaultPersistEventListener.java:128) ~[hibernate-core-5.6.15.Final.jar:5.6.15.Final]
	at org.hibernate.event.internal.DefaultPersistEventListener.onPersist(DefaultPersistEventListener.java:55) ~[hibernate-core-5.6.15.Final.jar:5.6.15.Final]
	at org.hibernate.event.service.internal.EventListenerGroupImpl.fireEventOnEachListener(EventListenerGroupImpl.java:107) ~[hibernate-core-5.6.15.Final.jar:5.6.15.Final]
	at org.hibernate.internal.SessionImpl.firePersist(SessionImpl.java:756) ~[hibernate-core-5.6.15.Final.jar:5.6.15.Final]
	at org.hibernate.internal.SessionImpl.persist(SessionImpl.java:742) ~[hibernate-core-5.6.15.Final.jar:5.6.15.Final]
	at sun.reflect.NativeMethodAccessorImpl.invoke0(Native Method) ~[na:1.8.0_202]
	at sun.reflect.NativeMethodAccessorImpl.invoke(NativeMethodAccessorImpl.java:62) ~[na:1.8.0_202]
	at sun.reflect.DelegatingMethodAccessorImpl.invoke(DelegatingMethodAccessorImpl.java:43) ~[na:1.8.0_202]
	at java.lang.reflect.Method.invoke(Method.java:498) ~[na:1.8.0_202]
	at org.springframework.orm.jpa.ExtendedEntityManagerCreator$ExtendedEntityManagerInvocationHandler.invoke(ExtendedEntityManagerCreator.java:362) ~[spring-orm-5.3.26.jar:5.3.26]
	at com.sun.proxy.$Proxy113.persist(Unknown Source) ~[na:na]
	at sun.reflect.NativeMethodAccessorImpl.invoke0(Native Method) ~[na:1.8.0_202]
	at sun.reflect.NativeMethodAccessorImpl.invoke(NativeMethodAccessorImpl.java:62) ~[na:1.8.0_202]
	at sun.reflect.DelegatingMethodAccessorImpl.invoke(DelegatingMethodAccessorImpl.java:43) ~[na:1.8.0_202]
	at java.lang.reflect.Method.invoke(Method.java:498) ~[na:1.8.0_202]
	at org.springframework.orm.jpa.SharedEntityManagerCreator$SharedEntityManagerInvocationHandler.invoke(SharedEntityManagerCreator.java:315) ~[spring-orm-5.3.26.jar:5.3.26]
	at com.sun.proxy.$Proxy113.persist(Unknown Source) ~[na:na]
	at org.springframework.data.jpa.repository.support.SimpleJpaRepository.save(SimpleJpaRepository.java:666) ~[spring-data-jpa-2.7.10.jar:2.7.10]
	at sun.reflect.NativeMethodAccessorImpl.invoke0(Native Method) ~[na:1.8.0_202]
	at sun.reflect.NativeMethodAccessorImpl.invoke(NativeMethodAccessorImpl.java:62) ~[na:1.8.0_202]
	at sun.reflect.DelegatingMethodAccessorImpl.invoke(DelegatingMethodAccessorImpl.java:43) ~[na:1.8.0_202]
	at java.lang.reflect.Method.invoke(Method.java:498) ~[na:1.8.0_202]
	at org.springframework.data.repository.core.support.RepositoryMethodInvoker$RepositoryFragmentMethodInvoker.lambda$new$0(RepositoryMethodInvoker.java:289) ~[spring-data-commons-2.7.10.jar:2.7.10]
	at org.springframework.data.repository.core.support.RepositoryMethodInvoker.doInvoke(RepositoryMethodInvoker.java:137) ~[spring-data-commons-2.7.10.jar:2.7.10]
	at org.springframework.data.repository.core.support.RepositoryMethodInvoker.invoke(RepositoryMethodInvoker.java:121) ~[spring-data-commons-2.7.10.jar:2.7.10]
	at org.springframework.data.repository.core.support.RepositoryComposition$RepositoryFragments.invoke(RepositoryComposition.java:530) ~[spring-data-commons-2.7.10.jar:2.7.10]
	at org.springframework.data.repository.core.support.RepositoryComposition.invoke(RepositoryComposition.java:286) ~[spring-data-commons-2.7.10.jar:2.7.10]
	at org.springframework.data.repository.core.support.RepositoryFactorySupport$ImplementationMethodExecutionInterceptor.invoke(RepositoryFactorySupport.java:640) ~[spring-data-commons-2.7.10.jar:2.7.10]
	at org.springframework.aop.framework.ReflectiveMethodInvocation.proceed(ReflectiveMethodInvocation.java:186) ~[spring-aop-5.3.26.jar:5.3.26]
	at org.springframework.data.repository.core.support.QueryExecutorMethodInterceptor.doInvoke(QueryExecutorMethodInterceptor.java:164) ~[spring-data-commons-2.7.10.jar:2.7.10]
	at org.springframework.data.repository.core.support.QueryExecutorMethodInterceptor.invoke(QueryExecutorMethodInterceptor.java:139) ~[spring-data-commons-2.7.10.jar:2.7.10]
	at org.springframework.aop.framework.ReflectiveMethodInvocation.proceed(ReflectiveMethodInvocation.java:186) ~[spring-aop-5.3.26.jar:5.3.26]
	at org.springframework.data.projection.DefaultMethodInvokingMethodInterceptor.invoke(DefaultMethodInvokingMethodInterceptor.java:81) ~[spring-data-commons-2.7.10.jar:2.7.10]
	at org.springframework.aop.framework.ReflectiveMethodInvocation.proceed(ReflectiveMethodInvocation.java:186) ~[spring-aop-5.3.26.jar:5.3.26]
	at org.springframework.transaction.interceptor.TransactionInterceptor$1.proceedWithInvocation(TransactionInterceptor.java:123) ~[spring-tx-5.3.26.jar:5.3.26]
	at org.springframework.transaction.interceptor.TransactionAspectSupport.invokeWithinTransaction(TransactionAspectSupport.java:388) ~[spring-tx-5.3.26.jar:5.3.26]
	at org.springframework.transaction.interceptor.TransactionInterceptor.invoke(TransactionInterceptor.java:119) ~[spring-tx-5.3.26.jar:5.3.26]
	at org.springframework.aop.framework.ReflectiveMethodInvocation.proceed(ReflectiveMethodInvocation.java:186) ~[spring-aop-5.3.26.jar:5.3.26]
	at org.springframework.dao.support.PersistenceExceptionTranslationInterceptor.invoke(PersistenceExceptionTranslationInterceptor.java:137) ~[spring-tx-5.3.26.jar:5.3.26]
	at org.springframework.aop.framework.ReflectiveMethodInvocation.proceed(ReflectiveMethodInvocation.java:186) ~[spring-aop-5.3.26.jar:5.3.26]
	at org.springframework.data.jpa.repository.support.CrudMethodMetadataPostProcessor$CrudMethodMetadataPopulatingMethodInterceptor.invoke(CrudMethodMetadataPostProcessor.java:174) ~[spring-data-jpa-2.7.10.jar:2.7.10]
	at org.springframework.aop.framework.ReflectiveMethodInvocation.proceed(ReflectiveMethodInvocation.java:186) ~[spring-aop-5.3.26.jar:5.3.26]
	at org.springframework.aop.interceptor.ExposeInvocationInterceptor.invoke(ExposeInvocationInterceptor.java:97) ~[spring-aop-5.3.26.jar:5.3.26]
	at org.springframework.aop.framework.ReflectiveMethodInvocation.proceed(ReflectiveMethodInvocation.java:186) ~[spring-aop-5.3.26.jar:5.3.26]
	at org.springframework.aop.framework.JdkDynamicAopProxy.invoke(JdkDynamicAopProxy.java:215) ~[spring-aop-5.3.26.jar:5.3.26]
	at com.sun.proxy.$Proxy125.save(Unknown Source) ~[na:na]
	at com.SmsCallback.Service.SmsCallbackProdService.DuplicateCheck(SmsCallbackProdService.java:97) ~[classes/:na]
	at com.SmsCallback.controller.SmsCallbackController.CallBackController(SmsCallbackController.java:50) ~[classes/:na]
	at sun.reflect.NativeMethodAccessorImpl.invoke0(Native Method) ~[na:1.8.0_202]
	at sun.reflect.NativeMethodAccessorImpl.invoke(NativeMethodAccessorImpl.java:62) ~[na:1.8.0_202]
	at sun.reflect.DelegatingMethodAccessorImpl.invoke(DelegatingMethodAccessorImpl.java:43) ~[na:1.8.0_202]
	at java.lang.reflect.Method.invoke(Method.java:498) ~[na:1.8.0_202]
	at org.springframework.web.method.support.InvocableHandlerMethod.doInvoke(InvocableHandlerMethod.java:205) ~[spring-web-5.3.26.jar:5.3.26]
	at org.springframework.web.method.support.InvocableHandlerMethod.invokeForRequest(InvocableHandlerMethod.java:150) ~[spring-web-5.3.26.jar:5.3.26]
	at org.springframework.web.servlet.mvc.method.annotation.ServletInvocableHandlerMethod.invokeAndHandle(ServletInvocableHandlerMethod.java:117) ~[spring-webmvc-5.3.26.jar:5.3.26]
	at org.springframework.web.servlet.mvc.method.annotation.RequestMappingHandlerAdapter.invokeHandlerMethod(RequestMappingHandlerAdapter.java:895) ~[spring-webmvc-5.3.26.jar:5.3.26]
	at org.springframework.web.servlet.mvc.method.annotation.RequestMappingHandlerAdapter.handleInternal(RequestMappingHandlerAdapter.java:808) ~[spring-webmvc-5.3.26.jar:5.3.26]
	at org.springframework.web.servlet.mvc.method.AbstractHandlerMethodAdapter.handle(AbstractHandlerMethodAdapter.java:87) ~[spring-webmvc-5.3.26.jar:5.3.26]
	at org.springframework.web.servlet.DispatcherServlet.doDispatch(DispatcherServlet.java:1072) ~[spring-webmvc-5.3.26.jar:5.3.26]
	at org.springframework.web.servlet.DispatcherServlet.doService(DispatcherServlet.java:965) ~[spring-webmvc-5.3.26.jar:5.3.26]
	at org.springframework.web.servlet.FrameworkServlet.processRequest(FrameworkServlet.java:1006) ~[spring-webmvc-5.3.26.jar:5.3.26]
	at org.springframework.web.servlet.FrameworkServlet.doGet(FrameworkServlet.java:898) ~[spring-webmvc-5.3.26.jar:5.3.26]
	at javax.servlet.http.HttpServlet.service(HttpServlet.java:502) ~[tomcat-embed-core-9.0.73.jar:4.0.FR]
	at org.springframework.web.servlet.FrameworkServlet.service(FrameworkServlet.java:883) ~[spring-webmvc-5.3.26.jar:5.3.26]
	at javax.servlet.http.HttpServlet.service(HttpServlet.java:596) ~[tomcat-embed-core-9.0.73.jar:4.0.FR]
	at org.apache.catalina.core.ApplicationFilterChain.internalDoFilter(ApplicationFilterChain.java:209) ~[tomcat-embed-core-9.0.73.jar:9.0.73]
	at org.apache.catalina.core.ApplicationFilterChain.doFilter(ApplicationFilterChain.java:153) ~[tomcat-embed-core-9.0.73.jar:9.0.73]
	at org.apache.tomcat.websocket.server.WsFilter.doFilter(WsFilter.java:53) ~[tomcat-embed-websocket-9.0.73.jar:9.0.73]
	at org.apache.catalina.core.ApplicationFilterChain.internalDoFilter(ApplicationFilterChain.java:178) ~[tomcat-embed-core-9.0.73.jar:9.0.73]
	at org.apache.catalina.core.ApplicationFilterChain.doFilter(ApplicationFilterChain.java:153) ~[tomcat-embed-core-9.0.73.jar:9.0.73]
	at org.springframework.web.filter.RequestContextFilter.doFilterInternal(RequestContextFilter.java:100) ~[spring-web-5.3.26.jar:5.3.26]
	at org.springframework.web.filter.OncePerRequestFilter.doFilter(OncePerRequestFilter.java:117) ~[spring-web-5.3.26.jar:5.3.26]
	at org.apache.catalina.core.ApplicationFilterChain.internalDoFilter(ApplicationFilterChain.java:178) ~[tomcat-embed-core-9.0.73.jar:9.0.73]
	at org.apache.catalina.core.ApplicationFilterChain.doFilter(ApplicationFilterChain.java:153) ~[tomcat-embed-core-9.0.73.jar:9.0.73]
	at org.springframework.web.filter.FormContentFilter.doFilterInternal(FormContentFilter.java:93) ~[spring-web-5.3.26.jar:5.3.26]
	at org.springframework.web.filter.OncePerRequestFilter.doFilter(OncePerRequestFilter.java:117) ~[spring-web-5.3.26.jar:5.3.26]
	at org.apache.catalina.core.ApplicationFilterChain.internalDoFilter(ApplicationFilterChain.java:178) ~[tomcat-embed-core-9.0.73.jar:9.0.73]
	at org.apache.catalina.core.ApplicationFilterChain.doFilter(ApplicationFilterChain.java:153) ~[tomcat-embed-core-9.0.73.jar:9.0.73]
	at org.springframework.web.filter.CharacterEncodingFilter.doFilterInternal(CharacterEncodingFilter.java:201) ~[spring-web-5.3.26.jar:5.3.26]
	at org.springframework.web.filter.OncePerRequestFilter.doFilter(OncePerRequestFilter.java:117) ~[spring-web-5.3.26.jar:5.3.26]
	at org.apache.catalina.core.ApplicationFilterChain.internalDoFilter(ApplicationFilterChain.java:178) ~[tomcat-embed-core-9.0.73.jar:9.0.73]
	at org.apache.catalina.core.ApplicationFilterChain.doFilter(ApplicationFilterChain.java:153) ~[tomcat-embed-core-9.0.73.jar:9.0.73]
	at org.apache.catalina.core.StandardWrapperValve.invoke(StandardWrapperValve.java:167) ~[tomcat-embed-core-9.0.73.jar:9.0.73]
	at org.apache.catalina.core.StandardContextValve.invoke(StandardContextValve.java:90) [tomcat-embed-core-9.0.73.jar:9.0.73]
	at org.apache.catalina.authenticator.AuthenticatorBase.invoke(AuthenticatorBase.java:492) [tomcat-embed-core-9.0.73.jar:9.0.73]
	at org.apache.catalina.core.StandardHostValve.invoke(StandardHostValve.java:130) [tomcat-embed-core-9.0.73.jar:9.0.73]
	at org.apache.catalina.valves.ErrorReportValve.invoke(ErrorReportValve.java:93) [tomcat-embed-core-9.0.73.jar:9.0.73]
	at org.apache.catalina.core.StandardEngineValve.invoke(StandardEngineValve.java:74) [tomcat-embed-core-9.0.73.jar:9.0.73]
	at org.apache.catalina.connector.CoyoteAdapter.service(CoyoteAdapter.java:343) [tomcat-embed-core-9.0.73.jar:9.0.73]
	at org.apache.coyote.http11.Http11Processor.service(Http11Processor.java:389) [tomcat-embed-core-9.0.73.jar:9.0.73]
	at org.apache.coyote.AbstractProcessorLight.process(AbstractProcessorLight.java:63) [tomcat-embed-core-9.0.73.jar:9.0.73]
	at org.apache.coyote.AbstractProtocol$ConnectionHandler.process(AbstractProtocol.java:926) [tomcat-embed-core-9.0.73.jar:9.0.73]
	at org.apache.tomcat.util.net.NioEndpoint$SocketProcessor.doRun(NioEndpoint.java:1791) [tomcat-embed-core-9.0.73.jar:9.0.73]
	at org.apache.tomcat.util.net.SocketProcessorBase.run(SocketProcessorBase.java:49) [tomcat-embed-core-9.0.73.jar:9.0.73]
	at org.apache.tomcat.util.threads.ThreadPoolExecutor.runWorker(ThreadPoolExecutor.java:1191) [tomcat-embed-core-9.0.73.jar:9.0.73]
	at org.apache.tomcat.util.threads.ThreadPoolExecutor$Worker.run(ThreadPoolExecutor.java:659) [tomcat-embed-core-9.0.73.jar:9.0.73]
	at org.apache.tomcat.util.threads.TaskThread$WrappingRunnable.run(TaskThread.java:61) [tomcat-embed-core-9.0.73.jar:9.0.73]
	at java.lang.Thread.run(Thread.java:748) [na:1.8.0_202]

2025-02-27 15:57:22.638  INFO 22716 --- [RMI TCP Connection(19)-127.0.0.1] inMXBeanRegistrar$SpringApplicationAdmin : Application shutdown requested.
2025-02-27 15:57:22.847  INFO 22716 --- [Spocto-2] o.s.a.r.l.SimpleMessageListenerContainer : Waiting for workers to finish.
2025-02-27 15:57:22.849  INFO 22716 --- [Spocto-2] o.s.a.r.l.SimpleMessageListenerContainer : Successfully waited for workers to finish.
2025-02-27 15:57:23.986  INFO 22716 --- [RMI TCP Connection(19)-127.0.0.1] o.apache.catalina.core.StandardService   : Stopping service [Tomcat]
2025-02-27 15:57:23.996  INFO 22716 --- [RMI TCP Connection(19)-127.0.0.1] o.a.c.c.C.[Tomcat].[localhost].[/]       : Destroying Spring FrameworkServlet 'dispatcherServlet'
2025-02-27 15:57:24.042  INFO 22716 --- [RMI TCP Connection(19)-127.0.0.1] o.s.a.r.l.SimpleMessageListenerContainer : Shutdown ignored - container is already stopped
2025-02-27 15:57:24.085  INFO 22716 --- [RMI TCP Connection(19)-127.0.0.1] j.LocalContainerEntityManagerFactoryBean : Closing JPA EntityManagerFactory for persistence unit 'default'
2025-02-27 15:57:24.102  INFO 22716 --- [RMI TCP Connection(19)-127.0.0.1] com.zaxxer.hikari.HikariDataSource       : HikariPool-1 - Shutdown initiated...
2025-02-27 15:57:24.132  INFO 22716 --- [RMI TCP Connection(19)-127.0.0.1] com.zaxxer.hikari.HikariDataSource       : HikariPool-1 - Shutdown completed.
2025-02-27 15:57:32.029  INFO 18536 --- [main] c.S.SmsCallbackRecordApplication         : Starting SmsCallbackRecordApplication using Java 1.8.0_202 on SVT-LAP-23-085 with PID 18536 (C:\Users\Naman\Desktop\SpringProjectWorkSpace\SMSCallbackRecordSpocto\target\classes started by naman in C:\Users\Naman\Desktop\SpringProjectWorkSpace\SMSCallbackRecordSpocto)
2025-02-27 15:57:32.046  INFO 18536 --- [main] c.S.SmsCallbackRecordApplication         : No active profile set, falling back to 1 default profile: "default"
2025-02-27 15:57:34.250  INFO 18536 --- [main] .s.d.r.c.RepositoryConfigurationDelegate : Multiple Spring Data modules found, entering strict repository configuration mode
2025-02-27 15:57:34.255  INFO 18536 --- [main] .s.d.r.c.RepositoryConfigurationDelegate : Bootstrapping Spring Data JPA repositories in DEFAULT mode.
2025-02-27 15:57:34.818  INFO 18536 --- [main] .s.d.r.c.RepositoryConfigurationDelegate : Finished Spring Data repository scanning in 546 ms. Found 3 JPA repository interfaces.
2025-02-27 15:57:34.879  INFO 18536 --- [main] .s.d.r.c.RepositoryConfigurationDelegate : Multiple Spring Data modules found, entering strict repository configuration mode
2025-02-27 15:57:34.881  INFO 18536 --- [main] .s.d.r.c.RepositoryConfigurationDelegate : Bootstrapping Spring Data Redis repositories in DEFAULT mode.
2025-02-27 15:57:34.965  INFO 18536 --- [main] .RepositoryConfigurationExtensionSupport : Spring Data Redis - Could not safely identify store assignment for repository candidate interface com.SmsCallback.Repository.CallBackRepositoryUniq; If you want this repository to be a Redis repository, consider annotating your entities with one of these annotations: org.springframework.data.redis.core.RedisHash (preferred), or consider extending one of the following types with your repository: org.springframework.data.keyvalue.repository.KeyValueRepository
2025-02-27 15:57:34.968  INFO 18536 --- [main] .RepositoryConfigurationExtensionSupport : Spring Data Redis - Could not safely identify store assignment for repository candidate interface com.SmsCallback.Repository.ErrorCodeDetailsRepository; If you want this repository to be a Redis repository, consider annotating your entities with one of these annotations: org.springframework.data.redis.core.RedisHash (preferred), or consider extending one of the following types with your repository: org.springframework.data.keyvalue.repository.KeyValueRepository
2025-02-27 15:57:34.969  INFO 18536 --- [main] .RepositoryConfigurationExtensionSupport : Spring Data Redis - Could not safely identify store assignment for repository candidate interface com.SmsCallback.Repository.callbackRepository; If you want this repository to be a Redis repository, consider annotating your entities with one of these annotations: org.springframework.data.redis.core.RedisHash (preferred), or consider extending one of the following types with your repository: org.springframework.data.keyvalue.repository.KeyValueRepository
2025-02-27 15:57:34.970  INFO 18536 --- [main] .s.d.r.c.RepositoryConfigurationDelegate : Finished Spring Data repository scanning in 37 ms. Found 0 Redis repository interfaces.
2025-02-27 15:57:36.464  INFO 18536 --- [main] o.s.b.w.embedded.tomcat.TomcatWebServer  : Tomcat initialized with port(s): 8095 (http)
2025-02-27 15:57:36.485  INFO 18536 --- [main] o.apache.catalina.core.StandardService   : Starting service [Tomcat]
2025-02-27 15:57:36.485  INFO 18536 --- [main] org.apache.catalina.core.StandardEngine  : Starting Servlet engine: [Apache Tomcat/9.0.73]
2025-02-27 15:57:37.227  INFO 18536 --- [main] o.a.c.c.C.[Tomcat].[localhost].[/]       : Initializing Spring embedded WebApplicationContext
2025-02-27 15:57:37.228  INFO 18536 --- [main] w.s.c.ServletWebServerApplicationContext : Root WebApplicationContext: initialization completed in 5031 ms
2025-02-27 15:57:38.591  INFO 18536 --- [main] o.hibernate.jpa.internal.util.LogHelper  : HHH000204: Processing PersistenceUnitInfo [name: default]
2025-02-27 15:57:38.752  INFO 18536 --- [main] org.hibernate.Version                    : HHH000412: Hibernate ORM core version 5.6.15.Final
2025-02-27 15:57:39.208  INFO 18536 --- [main] o.hibernate.annotations.common.Version   : HCANN000001: Hibernate Commons Annotations {5.1.2.Final}
2025-02-27 15:57:39.455  INFO 18536 --- [main] com.zaxxer.hikari.HikariDataSource       : HikariPool-1 - Starting...
2025-02-27 15:57:40.801  INFO 18536 --- [main] com.zaxxer.hikari.HikariDataSource       : HikariPool-1 - Start completed.
2025-02-27 15:57:40.875  INFO 18536 --- [main] org.hibernate.dialect.Dialect            : HHH000400: Using dialect: org.hibernate.dialect.MySQL5InnoDBDialect
2025-02-27 15:57:42.595  INFO 18536 --- [main] o.h.e.t.j.p.i.JtaPlatformInitiator       : HHH000490: Using JtaPlatform implementation: [org.hibernate.engine.transaction.jta.platform.internal.NoJtaPlatform]
2025-02-27 15:57:42.618  INFO 18536 --- [main] j.LocalContainerEntityManagerFactoryBean : Initialized JPA EntityManagerFactory for persistence unit 'default'
2025-02-27 15:57:44.300  WARN 18536 --- [main] JpaBaseConfiguration$JpaWebConfiguration : spring.jpa.open-in-view is enabled by default. Therefore, database queries may be performed during view rendering. Explicitly configure spring.jpa.open-in-view to disable this warning
2025-02-27 15:57:45.350  INFO 18536 --- [main] o.s.b.w.embedded.tomcat.TomcatWebServer  : Tomcat started on port(s): 8095 (http) with context path ''
2025-02-27 15:57:45.354  INFO 18536 --- [main] o.s.a.r.c.CachingConnectionFactory       : Attempting to connect to: [127.0.0.1:5672]
2025-02-27 15:57:45.555  INFO 18536 --- [main] o.s.a.r.c.CachingConnectionFactory       : Created new connection: rabbitConnectionFactory#1dbc607d:0/SimpleConnection@a30dbc0 [delegate=amqp://guest@127.0.0.1:5672/, localPort= 63023]
2025-02-27 15:57:46.103  INFO 18536 --- [main] c.S.SmsCallbackRecordApplication         : Started SmsCallbackRecordApplication in 15.679 seconds (JVM running for 18.226)
2025-02-27 15:57:50.668  INFO 18536 --- [http-nio-8095-exec-3] o.a.c.c.C.[Tomcat].[localhost].[/]       : Initializing Spring DispatcherServlet 'dispatcherServlet'
2025-02-27 15:57:50.670  INFO 18536 --- [http-nio-8095-exec-3] o.s.web.servlet.DispatcherServlet        : Initializing Servlet 'dispatcherServlet'
2025-02-27 15:57:50.672  INFO 18536 --- [http-nio-8095-exec-3] o.s.web.servlet.DispatcherServlet        : Completed initialization in 2 ms
2025-02-27 15:57:50.743  INFO 18536 --- [http-nio-8095-exec-3] c.S.controller.SmsCallbackController     : Data from Operator : {corelationid=otp:49677354, txid=12345109109985, to=919a448291223, from=IPRCTO, pdu=1, deliverystatus=DELIVERY_SUCCESS, deliverydt=11-02-2025 06:41:51, text=jdiejdiewjdiewjdiewncioewjsdwdq dwqd efdeded, description=Error Code false, Error Text 642}
2025-02-27 15:57:50.877  WARN 18536 --- [http-nio-8095-exec-3] o.h.engine.jdbc.spi.SqlExceptionHelper   : SQL Error: 1062, SQLState: 23000
2025-02-27 15:57:50.877 ERROR 18536 --- [http-nio-8095-exec-3] o.h.engine.jdbc.spi.SqlExceptionHelper   : Duplicate entry '12345109109985' for key 'callback_spocto.UK17y5awdmsauatbgrwm8vdob09'
2025-02-27 15:57:50.903  INFO 18536 --- [http-nio-8095-exec-3] c.S.Service.SmsCallbackProdService       : Duplicate transaction id : 12345109109985 with Exception : could not execute statement; SQL [n/a]; constraint [callback_spocto.UK17y5awdmsauatbgrwm8vdob09]; nested exception is org.hibernate.exception.ConstraintViolationException: could not execute statement
2025-02-27 17:31:18.016  INFO 18536 --- [RMI TCP Connection(97)-127.0.0.1] inMXBeanRegistrar$SpringApplicationAdmin : Application shutdown requested.
2025-02-27 17:31:19.274  INFO 18536 --- [Spocto-2] o.s.a.r.l.SimpleMessageListenerContainer : Waiting for workers to finish.
2025-02-27 17:31:19.772  INFO 18536 --- [Spocto-2] o.s.a.r.l.SimpleMessageListenerContainer : Successfully waited for workers to finish.
2025-02-27 17:31:20.799  INFO 18536 --- [RMI TCP Connection(97)-127.0.0.1] o.apache.catalina.core.StandardService   : Stopping service [Tomcat]
2025-02-27 17:31:20.856  INFO 18536 --- [RMI TCP Connection(97)-127.0.0.1] o.a.c.c.C.[Tomcat].[localhost].[/]       : Destroying Spring FrameworkServlet 'dispatcherServlet'
2025-02-27 17:31:21.437  INFO 18536 --- [RMI TCP Connection(97)-127.0.0.1] o.s.a.r.l.SimpleMessageListenerContainer : Shutdown ignored - container is already stopped
2025-02-27 17:31:21.598  INFO 18536 --- [RMI TCP Connection(97)-127.0.0.1] j.LocalContainerEntityManagerFactoryBean : Closing JPA EntityManagerFactory for persistence unit 'default'
2025-02-27 17:31:21.901  INFO 18536 --- [RMI TCP Connection(97)-127.0.0.1] com.zaxxer.hikari.HikariDataSource       : HikariPool-1 - Shutdown initiated...
2025-02-27 17:31:21.963  INFO 18536 --- [RMI TCP Connection(97)-127.0.0.1] com.zaxxer.hikari.HikariDataSource       : HikariPool-1 - Shutdown completed.
